<?xml version="1.0" encoding="UTF-8"?>
<testsuite xmlns:xsi="http://www.w3.org/2001/XMLSchema-instance" xsi:noNamespaceSchemaLocation="https://maven.apache.org/surefire/maven-surefire-plugin/xsd/surefire-test-report-3.0.xsd" version="3.0" name="com.example.project.CalculatorTests" time="0.26" tests="18" errors="0" skipped="1" failures="0">
  <properties>
    <property name="sun.desktop" value="windows"/>
    <property name="awt.toolkit" value="sun.awt.windows.WToolkit"/>
    <property name="file.encoding.pkg" value="sun.io"/>
    <property name="java.specification.version" value="1.8"/>
    <property name="sun.cpu.isalist" value="amd64"/>
    <property name="sun.jnu.encoding" value="GBK"/>
    <property name="java.class.path" value="C:\Users\17645\Desktop\作业\软件构造\junit5-jupiter-starter-maven\target\test-classes;C:\Users\17645\Desktop\作业\软件构造\junit5-jupiter-starter-maven\target\classes;C:\Users\17645\.m2\repository\org\junit\jupiter\junit-jupiter\5.10.1\junit-jupiter-5.10.1.jar;C:\Users\17645\.m2\repository\org\junit\jupiter\junit-jupiter-api\5.10.1\junit-jupiter-api-5.10.1.jar;C:\Users\17645\.m2\repository\org\opentest4j\opentest4j\1.3.0\opentest4j-1.3.0.jar;C:\Users\17645\.m2\repository\org\junit\platform\junit-platform-commons\1.10.1\junit-platform-commons-1.10.1.jar;C:\Users\17645\.m2\repository\org\apiguardian\apiguardian-api\1.1.2\apiguardian-api-1.1.2.jar;C:\Users\17645\.m2\repository\org\junit\jupiter\junit-jupiter-params\5.10.1\junit-jupiter-params-5.10.1.jar;C:\Users\17645\.m2\repository\org\junit\jupiter\junit-jupiter-engine\5.10.1\junit-jupiter-engine-5.10.1.jar;C:\Users\17645\.m2\repository\org\junit\platform\junit-platform-engine\1.10.1\junit-platform-engine-1.10.1.jar;C:\Users\17645\.m2\repository\org\assertj\assertj-core\3.24.2\assertj-core-3.24.2.jar;C:\Users\17645\.m2\repository\net\bytebuddy\byte-buddy\1.12.21\byte-buddy-1.12.21.jar;"/>
    <property name="java.vm.vendor" value="Oracle Corporation"/>
    <property name="sun.arch.data.model" value="64"/>
    <property name="user.variant" value=""/>
    <property name="java.vendor.url" value="http://java.oracle.com/"/>
    <property name="user.timezone" value="Asia/Shanghai"/>
    <property name="java.vm.specification.version" value="1.8"/>
    <property name="os.name" value="Windows 10"/>
    <property name="user.country" value="CN"/>
    <property name="sun.java.launcher" value="SUN_STANDARD"/>
    <property name="sun.boot.library.path" value="E:\17645\java\javajdk\jdk-1.8\jre\bin"/>
    <property name="sun.java.command" value="C:\Users\17645\AppData\Local\Temp\surefire2984648907736799139\surefirebooter-20231207154751502_3.jar C:\Users\17645\AppData\Local\Temp\surefire2984648907736799139 2023-12-07T15-47-51_070-jvmRun1 surefire-20231207154751502_1tmp surefire_0-20231207154751502_2tmp"/>
    <property name="surefire.test.class.path" value="C:\Users\17645\Desktop\作业\软件构造\junit5-jupiter-starter-maven\target\test-classes;C:\Users\17645\Desktop\作业\软件构造\junit5-jupiter-starter-maven\target\classes;C:\Users\17645\.m2\repository\org\junit\jupiter\junit-jupiter\5.10.1\junit-jupiter-5.10.1.jar;C:\Users\17645\.m2\repository\org\junit\jupiter\junit-jupiter-api\5.10.1\junit-jupiter-api-5.10.1.jar;C:\Users\17645\.m2\repository\org\opentest4j\opentest4j\1.3.0\opentest4j-1.3.0.jar;C:\Users\17645\.m2\repository\org\junit\platform\junit-platform-commons\1.10.1\junit-platform-commons-1.10.1.jar;C:\Users\17645\.m2\repository\org\apiguardian\apiguardian-api\1.1.2\apiguardian-api-1.1.2.jar;C:\Users\17645\.m2\repository\org\junit\jupiter\junit-jupiter-params\5.10.1\junit-jupiter-params-5.10.1.jar;C:\Users\17645\.m2\repository\org\junit\jupiter\junit-jupiter-engine\5.10.1\junit-jupiter-engine-5.10.1.jar;C:\Users\17645\.m2\repository\org\junit\platform\junit-platform-engine\1.10.1\junit-platform-engine-1.10.1.jar;C:\Users\17645\.m2\repository\org\assertj\assertj-core\3.24.2\assertj-core-3.24.2.jar;C:\Users\17645\.m2\repository\net\bytebuddy\byte-buddy\1.12.21\byte-buddy-1.12.21.jar;"/>
    <property name="sun.cpu.endian" value="little"/>
    <property name="user.home" value="C:\Users\17645"/>
    <property name="user.language" value="zh"/>
    <property name="java.specification.vendor" value="Oracle Corporation"/>
    <property name="java.home" value="E:\17645\java\javajdk\jdk-1.8\jre"/>
    <property name="basedir" value="C:\Users\17645\Desktop\作业\软件构造\junit5-jupiter-starter-maven"/>
    <property name="file.separator" value="\"/>
    <property name="line.separator" value="&#10;"/>
    <property name="java.vm.specification.vendor" value="Oracle Corporation"/>
    <property name="java.specification.name" value="Java Platform API Specification"/>
    <property name="java.awt.graphicsenv" value="sun.awt.Win32GraphicsEnvironment"/>
    <property name="surefire.real.class.path" value="C:\Users\17645\AppData\Local\Temp\surefire2984648907736799139\surefirebooter-20231207154751502_3.jar"/>
    <property name="sun.boot.class.path" value="E:\17645\java\javajdk\jdk-1.8\jre\lib\resources.jar;E:\17645\java\javajdk\jdk-1.8\jre\lib\rt.jar;E:\17645\java\javajdk\jdk-1.8\jre\lib\jsse.jar;E:\17645\java\javajdk\jdk-1.8\jre\lib\jce.jar;E:\17645\java\javajdk\jdk-1.8\jre\lib\charsets.jar;E:\17645\java\javajdk\jdk-1.8\jre\lib\jfr.jar;E:\17645\java\javajdk\jdk-1.8\jre\classes"/>
    <property name="user.script" value=""/>
    <property name="sun.management.compiler" value="HotSpot 64-Bit Tiered Compilers"/>
    <property name="java.runtime.version" value="1.8.0_371-b11"/>
    <property name="user.name" value="17645"/>
    <property name="path.separator" value=";"/>
    <property name="os.version" value="10.0"/>
    <property name="java.endorsed.dirs" value="E:\17645\java\javajdk\jdk-1.8\jre\lib\endorsed"/>
    <property name="java.runtime.name" value="Java(TM) SE Runtime Environment"/>
    <property name="file.encoding" value="GBK"/>
    <property name="java.vm.name" value="Java HotSpot(TM) 64-Bit Server VM"/>
    <property name="localRepository" value="C:\Users\17645\.m2\repository"/>
    <property name="java.vendor.url.bug" value="http://bugreport.sun.com/bugreport/"/>
    <property name="java.io.tmpdir" value="C:\Users\17645\AppData\Local\Temp\"/>
    <property name="idea.version" value="2023.3"/>
    <property name="java.version" value="1.8.0_371"/>
    <property name="user.dir" value="C:\Users\17645\Desktop\作业\软件构造\junit5-jupiter-starter-maven"/>
    <property name="os.arch" value="amd64"/>
    <property name="java.vm.specification.name" value="Java Virtual Machine Specification"/>
    <property name="java.awt.printerjob" value="sun.awt.windows.WPrinterJob"/>
    <property name="sun.os.patch.level" value=""/>
    <property name="java.library.path" value="E:\17645\java\javajdk\jdk-1.8\jre\bin;C:\Windows\Sun\Java\bin;C:\Windows\system32;C:\Windows;D:\python\Scripts\;D:\python\;C:\Windows\system32;C:\Windows;C:\Windows\System32\Wbem;C:\Windows\System32\WindowsPowerShell\v1.0\;C:\Windows\System32\OpenSSH\;C:\Program Files (x86)\NVIDIA Corporation\PhysX\Common;C:\Program Files\NVIDIA Corporation\NVIDIA NvDLISR;C:\Program Files (x86)\Microsoft SQL Server\150\DTS\Binn\;C:\Program Files\Azure Data Studio\bin;C:\Program Files\Microsoft SQL Server\Client SDK\ODBC\170\Tools\Binn\;C:\Program Files (x86)\Microsoft SQL Server\150\Tools\Binn\;C:\Program Files\Microsoft SQL Server\150\Tools\Binn\;C:\Program Files\Microsoft SQL Server\150\DTS\Binn\;C:\Program Files\Microsoft SQL Server\Client SDK\ODBC\110\Tools\Binn\;C:\Program Files (x86)\Microsoft SQL Server\120\Tools\Binn\;C:\Program Files\Microsoft SQL Server\120\Tools\Binn\;C:\Program Files\Microsoft SQL Server\120\DTS\Binn\;C:\Program Files (x86)\Windows Kits\8.1\Windows Performance Toolkit\;E:\Program Files (x86)\NetSarang\Xshell 7\;C:\Users\17645\AppData\Local\Microsoft\WindowsApps;C:\Program Files\Azure Data Studio\bin;E:\MySql\mysql-5.7.19-winx64\bin;E:\Program Files\Huawei\DevEco Studio 3.1.0.200\bin;;D:\Program Files\JetBrains\PyCharm Community Edition 2023.1.1\bin;;E:\17645\java\javajdk\jdk-1.8\bin;E:\17645\WebStorm\WebStorm 2023.2.4\bin;;;E:\17645\java\IntelliJ IDEA 2023.3\bin;;."/>
    <property name="java.vm.info" value="mixed mode"/>
    <property name="java.vendor" value="Oracle Corporation"/>
    <property name="java.vm.version" value="25.371-b11"/>
    <property name="java.specification.maintenance.version" value="4"/>
    <property name="java.ext.dirs" value="E:\17645\java\javajdk\jdk-1.8\jre\lib\ext;C:\Windows\Sun\Java\lib\ext"/>
    <property name="sun.io.unicode.encoding" value="UnicodeLittle"/>
    <property name="java.class.version" value="52.0"/>
  </properties>
  <testcase name="useCodedValue" classname="com.example.project.CalculatorTests" time="0.033">
    <system-out><![CDATA[开始 @BeforeEach

结束 @AfterEach
]]></system-out>
  </testcase>
  <testcase name="useAssert" classname="com.example.project.CalculatorTests" time="0.008">
    <system-out><![CDATA[开始 @BeforeEach

结束 @AfterEach
]]></system-out>
  </testcase>
  <testcase name="useMethodSource(SimpleTriplet)[1]" classname="com.example.project.CalculatorTests" time="0.02">
    <system-out><![CDATA[开始 @BeforeEach

结束 @AfterEach
]]></system-out>
  </testcase>
  <testcase name="useMethodSource(SimpleTriplet)[2]" classname="com.example.project.CalculatorTests" time="0.001">
    <system-out><![CDATA[开始 @BeforeEach

结束 @AfterEach
]]></system-out>
  </testcase>
  <testcase name="useMethodSource(SimpleTriplet)[3]" classname="com.example.project.CalculatorTests" time="0.002">
    <system-out><![CDATA[开始 @BeforeEach

结束 @AfterEach
]]></system-out>
  </testcase>
  <testcase name="useCsvSource(int, int, int)[1]" classname="com.example.project.CalculatorTests" time="0.003">
    <system-out><![CDATA[开始 @BeforeEach

结束 @AfterEach
]]></system-out>
  </testcase>
  <testcase name="useCsvSource(int, int, int)[2]" classname="com.example.project.CalculatorTests" time="0.001">
    <system-out><![CDATA[开始 @BeforeEach

结束 @AfterEach
]]></system-out>
  </testcase>
  <testcase name="useCsvSource(int, int, int)[3]" classname="com.example.project.CalculatorTests" time="0.001">
    <system-out><![CDATA[开始 @BeforeEach

结束 @AfterEach
]]></system-out>
  </testcase>
  <testcase name="useRepeatedTest(TestInfo, RepetitionInfo)[1]" classname="com.example.project.CalculatorTests" time="0.001">
    <system-out><![CDATA[开始 @BeforeEach

useRepeatedTest -> 1
结束 @AfterEach
]]></system-out>
  </testcase>
  <testcase name="useRepeatedTest(TestInfo, RepetitionInfo)[2]" classname="com.example.project.CalculatorTests" time="0.002">
    <system-out><![CDATA[开始 @BeforeEach

useRepeatedTest -> 2
结束 @AfterEach
]]></system-out>
  </testcase>
  <testcase name="useRepeatedTest(TestInfo, RepetitionInfo)[3]" classname="com.example.project.CalculatorTests" time="0.003">
    <system-out><![CDATA[开始 @BeforeEach

useRepeatedTest -> 3
结束 @AfterEach
]]></system-out>
  </testcase>
  <testcase name="useRepeatedTest(TestInfo, RepetitionInfo)[4]" classname="com.example.project.CalculatorTests" time="0.002">
    <system-out><![CDATA[开始 @BeforeEach

useRepeatedTest -> 4
结束 @AfterEach
]]></system-out>
  </testcase>
  <testcase name="useRepeatedTest(TestInfo, RepetitionInfo)[5]" classname="com.example.project.CalculatorTests" time="0.002">
    <system-out><![CDATA[开始 @BeforeEach

useRepeatedTest -> 5
结束 @AfterEach
]]></system-out>
  </testcase>
  <testcase name="useDisabled" classname="com.example.project.CalculatorTests" time="0.0">
    <skipped message="public void com.example.project.CalculatorTests.useDisabled() is @Disabled"/>
  </testcase>
  <testcase name="useAssertJ" classname="com.example.project.CalculatorTests" time="0.068">
    <system-out><![CDATA[开始 @BeforeEach

结束 @AfterEach
]]></system-out>
  </testcase>
  <testcase name="useValueSource(int)[1]" classname="com.example.project.CalculatorTests" time="0.004">
    <system-out><![CDATA[开始 @BeforeEach

结束 @AfterEach
]]></system-out>
  </testcase>
  <testcase name="useValueSource(int)[2]" classname="com.example.project.CalculatorTests" time="0.001">
    <system-out><![CDATA[开始 @BeforeEach

结束 @AfterEach
]]></system-out>
  </testcase>
  <testcase name="useValueSource(int)[3]" classname="com.example.project.CalculatorTests" time="0.001">
    <system-out><![CDATA[开始 @BeforeEach

结束 @AfterEach
]]></system-out>
  </testcase>
</testsuite>